2025-12-11 13:38:38 [31merror[39m: [31mError storing game in database: Could not find the 'player1' column of 'multiplayer_games' in the schema cache[39m
2025-12-11 13:44:04 [31merror[39m: [31mError storing game in database:[39m
2025-12-11 13:45:10 [31merror[39m: [31mError joining game: Cannot join your own game[39m
2025-12-11 13:45:10 [31merror[39m: [31mError occurred:[39m
2025-12-11 13:46:53 [31merror[39m: [31mError storing game in database:[39m
2025-12-11 13:47:12 [31merror[39m: [31mError joining game: Cannot join your own game[39m
2025-12-11 13:47:12 [31merror[39m: [31mError occurred:[39m
2025-12-11 13:52:54 [31merror[39m: [31mError storing game in database:[39m
2025-12-11 14:00:56 [31merror[39m: [31mError storing game in database:[39m
2025-12-11 14:09:27 [31merror[39m: [31mError storing game in database:[39m
2025-12-11 14:10:00 [31merror[39m: [31mError storing game in database:[39m
2025-12-11 14:12:44 [31merror[39m: [31mError storing game in database:[39m
2025-12-11 14:12:44 [31merror[39m: [31mError details: null value in column "player1_tx_hash" of relation "multiplayer_games" violates not-null constraint[39m
2025-12-11 15:09:19 [31merror[39m: [31mError joining game: Cannot join your own game[39m
2025-12-11 15:09:19 [31merror[39m: [31mError occurred:[39m
2025-12-11 15:12:18 [31merror[39m: [31mError joining game: Cannot join your own game[39m
2025-12-11 15:12:18 [31merror[39m: [31mError occurred:[39m
2025-12-11 15:12:21 [31merror[39m: [31mError joining game: Cannot join your own game[39m
2025-12-11 15:12:21 [31merror[39m: [31mError occurred:[39m
2025-12-11 15:12:21 [31merror[39m: [31mError joining game: Cannot join your own game[39m
2025-12-11 15:12:21 [31merror[39m: [31mError occurred:[39m
2025-12-11 15:13:54 [31merror[39m: [31mError joining game: Cannot join your own game[39m
2025-12-11 15:13:54 [31merror[39m: [31mError occurred:[39m
2025-12-11 15:14:08 [31merror[39m: [31mError joining game: Cannot join your own game[39m
2025-12-11 15:14:08 [31merror[39m: [31mError occurred:[39m
2025-12-11 15:14:13 [31merror[39m: [31mError joining game: Cannot join your own game[39m
2025-12-11 15:14:13 [31merror[39m: [31mError occurred:[39m
